mode: set
github.com/karlmcguire/ige/xor.go:17.33,20.16 2 0
github.com/karlmcguire/ige/xor.go:24.2,24.25 1 0
github.com/karlmcguire/ige/xor.go:28.2,28.10 1 0
github.com/karlmcguire/ige/xor.go:20.16,22.3 1 0
github.com/karlmcguire/ige/xor.go:24.25,26.3 1 0
github.com/karlmcguire/ige/xor.go:31.33,34.16 2 1
github.com/karlmcguire/ige/xor.go:38.2,38.12 1 1
github.com/karlmcguire/ige/xor.go:42.2,45.11 3 1
github.com/karlmcguire/ige/xor.go:55.2,55.36 1 1
github.com/karlmcguire/ige/xor.go:59.2,59.10 1 1
github.com/karlmcguire/ige/xor.go:34.16,36.3 1 0
github.com/karlmcguire/ige/xor.go:38.12,40.3 1 0
github.com/karlmcguire/ige/xor.go:45.11,50.26 4 1
github.com/karlmcguire/ige/xor.go:50.26,52.4 1 1
github.com/karlmcguire/ige/xor.go:55.36,57.3 1 0
github.com/karlmcguire/ige/xor.go:62.32,63.15 1 1
github.com/karlmcguire/ige/xor.go:66.2,66.24 1 0
github.com/karlmcguire/ige/xor.go:63.15,65.3 1 1
github.com/karlmcguire/ige/decrypt.go:12.53,13.39 1 1
github.com/karlmcguire/ige/decrypt.go:17.2,17.39 1 1
github.com/karlmcguire/ige/decrypt.go:13.39,14.21 1 1
github.com/karlmcguire/ige/decrypt.go:22.40,24.2 1 1
github.com/karlmcguire/ige/decrypt.go:26.53,27.39 1 1
github.com/karlmcguire/ige/decrypt.go:30.2,30.25 1 1
github.com/karlmcguire/ige/decrypt.go:34.2,38.35 4 1
github.com/karlmcguire/ige/decrypt.go:27.39,28.31 1 1
github.com/karlmcguire/ige/decrypt.go:30.25,31.31 1 1
github.com/karlmcguire/ige/decrypt.go:38.35,47.3 6 1
github.com/karlmcguire/ige/encrypt.go:12.53,13.39 1 1
github.com/karlmcguire/ige/encrypt.go:17.2,17.39 1 1
github.com/karlmcguire/ige/encrypt.go:13.39,14.21 1 1
github.com/karlmcguire/ige/encrypt.go:22.40,24.2 1 1
github.com/karlmcguire/ige/encrypt.go:26.53,27.39 1 1
github.com/karlmcguire/ige/encrypt.go:30.2,30.25 1 1
github.com/karlmcguire/ige/encrypt.go:34.2,38.35 4 1
github.com/karlmcguire/ige/encrypt.go:27.39,28.31 1 1
github.com/karlmcguire/ige/encrypt.go:30.25,31.30 1 1
github.com/karlmcguire/ige/encrypt.go:38.35,45.3 5 1
github.com/karlmcguire/ige/ige.go:32.45,36.2 3 1
github.com/karlmcguire/ige/ige.go:38.47,46.32 1 1
github.com/karlmcguire/ige/ige.go:50.2,50.12 1 1
github.com/karlmcguire/ige/ige.go:46.32,48.3 1 1
